Using pre-set license
Built from '2020.3/staging' branch; Version is '2020.3.4f1 (0abb6314276a) revision 703331'; Using compiler version '192528614'; Build Type 'Release'
OS: 'Windows 10 Pro; OS build 19041.1052; Version 2004; 64bit' Language: 'es' Physical Memory: 16283 MB
BatchMode: 1, IsHumanControllingUs: 0, StartBugReporterOnCrash: 0, Is64bit: 1, IsPro: 0

 COMMAND LINE ARGUMENTS:
C:\Program Files\Unity\Hub\Editor\2020.3.4f1\Editor\Unity.exe
-adb2
-batchMode
-noUpm
-name
AssetImportWorker0
-projectPath
C:/Users/MAURO/Documents/Unity/Solis_Mauro_Grid_Puzzle
-logFile
Logs/AssetImportWorker0.log
-srvPort
56845
Successfully changed project path to: C:/Users/MAURO/Documents/Unity/Solis_Mauro_Grid_Puzzle
C:/Users/MAURO/Documents/Unity/Solis_Mauro_Grid_Puzzle
Using Asset Import Pipeline V2.
Refreshing native plugins compatible for Editor in 38.26 ms, found 1 plugins.
Preloading 0 native plugins for Editor in 0.00 ms.
Initialize engine version: 2020.3.4f1 (0abb6314276a)
[Subsystems] Discovering subsystems at path C:/Program Files/Unity/Hub/Editor/2020.3.4f1/Editor/Data/Resources/UnitySubsystems
[Subsystems] Discovering subsystems at path C:/Users/MAURO/Documents/Unity/Solis_Mauro_Grid_Puzzle/Assets
GfxDevice: creating device client; threaded=0
Direct3D:
    Version:  Direct3D 11.0 [level 11.1]
    Renderer: Radeon RX 580 Series (ID=0x67df)
    Vendor:   
    VRAM:     8171 MB
    Driver:   27.20.14501.18003
Initialize mono
Mono path[0] = 'C:/Program Files/Unity/Hub/Editor/2020.3.4f1/Editor/Data/Managed'
Mono path[1] = 'C:/Program Files/Unity/Hub/Editor/2020.3.4f1/Editor/Data/MonoBleedingEdge/lib/mono/unityjit'
Mono config path = 'C:/Program Files/Unity/Hub/Editor/2020.3.4f1/Editor/Data/MonoBleedingEdge/etc'
Using monoOptions --debugger-agent=transport=dt_socket,embedding=1,server=y,suspend=n,address=127.0.0.1:56552
Begin MonoManager ReloadAssembly
Registering precompiled unity dll's ...
Register platform support module: C:/Program Files/Unity/Hub/Editor/2020.3.4f1/Editor/Data/PlaybackEngines/WindowsStandaloneSupport/UnityEditor.WindowsStandalone.Extensions.dll
Registered in 0.003777 seconds.
Native extension for WindowsStandalone target not found
Refreshing native plugins compatible for Editor in 40.04 ms, found 1 plugins.
Preloading 0 native plugins for Editor in 0.00 ms.
Mono: successfully reloaded assembly
- Completed reload, in  1.911 seconds
Platform modules already initialized, skipping
Registering precompiled user dll's ...
Registered in 0.001473 seconds.
Begin MonoManager ReloadAssembly
Native extension for WindowsStandalone target not found
Refreshing native plugins compatible for Editor in 35.25 ms, found 1 plugins.
Preloading 0 native plugins for Editor in 0.00 ms.
Mono: successfully reloaded assembly
- Completed reload, in  1.077 seconds
Platform modules already initialized, skipping
========================================================================
Worker process is ready to serve import requests
Launched and connected shader compiler UnityShaderCompiler.exe after 0.07 seconds
Refreshing native plugins compatible for Editor in 0.35 ms, found 1 plugins.
Preloading 0 native plugins for Editor in 0.00 ms.
Unloading 1808 Unused Serialized files (Serialized files now loaded: 0)
System memory in use before: 84.9 MB.
System memory in use after: 84.8 MB.

Unloading 24 unused Assets to reduce memory usage. Loaded Objects now: 2250.
Total: 2.736600 ms (FindLiveObjects: 0.351200 ms CreateObjectMapping: 0.287400 ms MarkObjects: 1.929800 ms  DeleteObjects: 0.167300 ms)

========================================================================
Received Import Request.
  path: Assets
  artifactKey: Guid(00000000000000001000000000000000) Importer(815301076,1909f56bfc062723c751e8b465ee728b)
Start importing Assets using Guid(00000000000000001000000000000000) Importer(815301076,1909f56bfc062723c751e8b465ee728b)  -> (artifact id: '025e4f587c23674256bb898581e82961') in 0.006418 seconds
  Import took 0.009884 seconds .

========================================================================
Received Import Request.
  Time since last request: 31.322166 seconds.
  path: Assets/NewBehaviourScript.cs
  artifactKey: Guid(08c3fd14152161344861f8f82d68b3e4) Importer(815301076,1909f56bfc062723c751e8b465ee728b)
Start importing Assets/NewBehaviourScript.cs using Guid(08c3fd14152161344861f8f82d68b3e4) Importer(815301076,1909f56bfc062723c751e8b465ee728b)  -> (artifact id: 'c5e1b3c507683df393f0c4694a2ac8d9') in 0.050816 seconds
  Import took 0.054696 seconds .

========================================================================
Received Prepare
Registering precompiled user dll's ...
Registered in 0.001668 seconds.
Begin MonoManager ReloadAssembly
Native extension for WindowsStandalone target not found
Refreshing native plugins compatible for Editor in 0.41 ms, found 1 plugins.
Preloading 0 native plugins for Editor in 0.00 ms.
Mono: successfully reloaded assembly
- Completed reload, in  1.019 seconds
Platform modules already initialized, skipping
Refreshing native plugins compatible for Editor in 0.32 ms, found 1 plugins.
Preloading 0 native plugins for Editor in 0.00 ms.
Unloading 1803 Unused Serialized files (Serialized files now loaded: 0)
System memory in use before: 84.8 MB.
System memory in use after: 84.8 MB.

Unloading 12 unused Assets to reduce memory usage. Loaded Objects now: 2254.
Total: 2.824600 ms (FindLiveObjects: 0.268000 ms CreateObjectMapping: 0.136100 ms MarkObjects: 2.260500 ms  DeleteObjects: 0.158900 ms)

========================================================================
Received Import Request.
  Time since last request: 234.475678 seconds.
  path: Assets/Sokoban.cs
  artifactKey: Guid(fe30175560d99ca45b62234273dc9b4e) Importer(815301076,1909f56bfc062723c751e8b465ee728b)
Start importing Assets/Sokoban.cs using Guid(fe30175560d99ca45b62234273dc9b4e) Importer(815301076,1909f56bfc062723c751e8b465ee728b)  -> (artifact id: '6a6c777b977aae1e64cffefd2db75a2d') in 0.006660 seconds
  Import took 0.010261 seconds .

========================================================================
Received Import Request.
  Time since last request: 0.022754 seconds.
  path: Assets/Sokoban.cs
  artifactKey: Guid(fe30175560d99ca45b62234273dc9b4e) Importer(815301076,1909f56bfc062723c751e8b465ee728b)
Start importing Assets/Sokoban.cs using Guid(fe30175560d99ca45b62234273dc9b4e) Importer(815301076,1909f56bfc062723c751e8b465ee728b)  -> (artifact id: '6a6c777b977aae1e64cffefd2db75a2d') in 0.002981 seconds
  Import took 0.006684 seconds .

========================================================================
Received Prepare
Registering precompiled user dll's ...
Registered in 0.001499 seconds.
Begin MonoManager ReloadAssembly
Native extension for WindowsStandalone target not found
Refreshing native plugins compatible for Editor in 0.36 ms, found 1 plugins.
Preloading 0 native plugins for Editor in 0.00 ms.
Mono: successfully reloaded assembly
- Completed reload, in  1.011 seconds
Platform modules already initialized, skipping
Refreshing native plugins compatible for Editor in 0.39 ms, found 1 plugins.
Preloading 0 native plugins for Editor in 0.00 ms.
Unloading 1804 Unused Serialized files (Serialized files now loaded: 0)
System memory in use before: 84.9 MB.
System memory in use after: 84.8 MB.

Unloading 12 unused Assets to reduce memory usage. Loaded Objects now: 2259.
Total: 4.409900 ms (FindLiveObjects: 0.626600 ms CreateObjectMapping: 0.188700 ms MarkObjects: 3.422000 ms  DeleteObjects: 0.170900 ms)

========================================================================
Received Prepare
Registering precompiled user dll's ...
Registered in 0.002618 seconds.
Begin MonoManager ReloadAssembly
Native extension for WindowsStandalone target not found
Refreshing native plugins compatible for Editor in 0.35 ms, found 1 plugins.
Preloading 0 native plugins for Editor in 0.00 ms.
Mono: successfully reloaded assembly
- Completed reload, in  0.992 seconds
Platform modules already initialized, skipping
Refreshing native plugins compatible for Editor in 0.35 ms, found 1 plugins.
Preloading 0 native plugins for Editor in 0.00 ms.
Unloading 1804 Unused Serialized files (Serialized files now loaded: 0)
System memory in use before: 84.9 MB.
System memory in use after: 84.9 MB.

Unloading 12 unused Assets to reduce memory usage. Loaded Objects now: 2263.
Total: 2.421500 ms (FindLiveObjects: 0.380700 ms CreateObjectMapping: 0.110300 ms MarkObjects: 1.793300 ms  DeleteObjects: 0.135800 ms)

========================================================================
Received Import Request.
  Time since last request: 195.110284 seconds.
  path: Assets/Recursos
  artifactKey: Guid(857f9961255bf284c8767320cb08d261) Importer(815301076,1909f56bfc062723c751e8b465ee728b)
Start importing Assets/Recursos using Guid(857f9961255bf284c8767320cb08d261) Importer(815301076,1909f56bfc062723c751e8b465ee728b)  -> (artifact id: '91cecc58c9a92ad2695223ed23e4656f') in 0.008106 seconds
  Import took 0.011951 seconds .

========================================================================
Received Prepare
Registering precompiled user dll's ...
Registered in 0.001678 seconds.
Begin MonoManager ReloadAssembly
Native extension for WindowsStandalone target not found
Refreshing native plugins compatible for Editor in 0.36 ms, found 1 plugins.
Preloading 0 native plugins for Editor in 0.00 ms.
Mono: successfully reloaded assembly
- Completed reload, in  1.030 seconds
Platform modules already initialized, skipping
Refreshing native plugins compatible for Editor in 0.36 ms, found 1 plugins.
Preloading 0 native plugins for Editor in 0.00 ms.
Unloading 1804 Unused Serialized files (Serialized files now loaded: 0)
System memory in use before: 84.9 MB.
System memory in use after: 84.9 MB.

Unloading 12 unused Assets to reduce memory usage. Loaded Objects now: 2267.
Total: 2.692800 ms (FindLiveObjects: 0.434000 ms CreateObjectMapping: 0.193600 ms MarkObjects: 1.910700 ms  DeleteObjects: 0.152700 ms)

========================================================================
Received Prepare
Registering precompiled user dll's ...
Registered in 0.001690 seconds.
Begin MonoManager ReloadAssembly
Native extension for WindowsStandalone target not found
Refreshing native plugins compatible for Editor in 0.52 ms, found 1 plugins.
Preloading 0 native plugins for Editor in 0.00 ms.
Mono: successfully reloaded assembly
- Completed reload, in  1.034 seconds
Platform modules already initialized, skipping
Refreshing native plugins compatible for Editor in 0.34 ms, found 1 plugins.
Preloading 0 native plugins for Editor in 0.00 ms.
Unloading 1804 Unused Serialized files (Serialized files now loaded: 0)
System memory in use before: 84.9 MB.
System memory in use after: 84.9 MB.

Unloading 12 unused Assets to reduce memory usage. Loaded Objects now: 2271.
Total: 2.395800 ms (FindLiveObjects: 0.393500 ms CreateObjectMapping: 0.183400 ms MarkObjects: 1.701000 ms  DeleteObjects: 0.116500 ms)

========================================================================
Received Import Request.
  Time since last request: 1170.476628 seconds.
  path: Assets/Recursos/nivel1.txt
  artifactKey: Guid(af72ebeef2ae90e499b27b1eb01ee5a0) Importer(815301076,1909f56bfc062723c751e8b465ee728b)
Start importing Assets/Recursos/nivel1.txt using Guid(af72ebeef2ae90e499b27b1eb01ee5a0) Importer(815301076,1909f56bfc062723c751e8b465ee728b)  -> (artifact id: '598209a8c6aa2db28f9e717810ee1c54') in 0.028754 seconds
  Import took 0.034329 seconds .

========================================================================
Received Import Request.
  Time since last request: 8.846830 seconds.
  path: Assets/Textures
  artifactKey: Guid(857f9961255bf284c8767320cb08d261) Importer(815301076,1909f56bfc062723c751e8b465ee728b)
Start importing Assets/Textures using Guid(857f9961255bf284c8767320cb08d261) Importer(815301076,1909f56bfc062723c751e8b465ee728b)  -> (artifact id: 'ef8d084d92085498be2d84b39fd484af') in 0.004468 seconds
  Import took 0.009356 seconds .

========================================================================
Received Import Request.
  Time since last request: 1050.180291 seconds.
  path: Assets/Textures/Box.png
  artifactKey: Guid(ee6e7401212ab7842abb9680a77b7a35) Importer(815301076,1909f56bfc062723c751e8b465ee728b)
Start importing Assets/Textures/Box.png using Guid(ee6e7401212ab7842abb9680a77b7a35) Importer(815301076,1909f56bfc062723c751e8b465ee728b)  -> (artifact id: '46b92ecc07de302f0aba8406ba853780') in 0.143622 seconds
  Import took 0.149535 seconds .

========================================================================
Received Import Request.
  Time since last request: 0.000247 seconds.
  path: Assets/Textures/Cross.png
  artifactKey: Guid(f030e62dd4284984aadde58bc8c6333a) Importer(815301076,1909f56bfc062723c751e8b465ee728b)
Start importing Assets/Textures/Cross.png using Guid(f030e62dd4284984aadde58bc8c6333a) Importer(815301076,1909f56bfc062723c751e8b465ee728b)  -> (artifact id: 'e18c346b659d0155e253c26c44b3b71e') in 0.010458 seconds
  Import took 0.015720 seconds .

========================================================================
Received Import Request.
  Time since last request: 0.000298 seconds.
  path: Assets/Textures/Player.png
  artifactKey: Guid(3817f88143575d744ad8622aacfd2671) Importer(815301076,1909f56bfc062723c751e8b465ee728b)
Start importing Assets/Textures/Player.png using Guid(3817f88143575d744ad8622aacfd2671) Importer(815301076,1909f56bfc062723c751e8b465ee728b)  -> (artifact id: 'f38327483d632bf39af8e62fc687735b') in 0.012885 seconds
  Import took 0.018104 seconds .

========================================================================
Received Import Request.
  Time since last request: 0.000384 seconds.
  path: Assets/Textures/Tile.png
  artifactKey: Guid(9f2411c2d8e466640b31ffe0e8378231) Importer(815301076,1909f56bfc062723c751e8b465ee728b)
Start importing Assets/Textures/Tile.png using Guid(9f2411c2d8e466640b31ffe0e8378231) Importer(815301076,1909f56bfc062723c751e8b465ee728b)  -> (artifact id: 'a33739d8ef96cd492e863e8be091a1c8') in 0.010368 seconds
  Import took 0.015724 seconds .

========================================================================
Received Import Request.
  Time since last request: 3225.448427 seconds.
  path: Assets/Textures/Player.png
  artifactKey: Guid(3817f88143575d744ad8622aacfd2671) Importer(815301076,1909f56bfc062723c751e8b465ee728b)
Start importing Assets/Textures/Player.png using Guid(3817f88143575d744ad8622aacfd2671) Importer(815301076,1909f56bfc062723c751e8b465ee728b)  -> (artifact id: 'ae297a9f1d4b9963293aa3ecc6b52012') in 0.023487 seconds
  Import took 0.034263 seconds .

========================================================================
Received Import Request.
  Time since last request: 30.734221 seconds.
  path: Assets/Textures/Box.png
  artifactKey: Guid(ee6e7401212ab7842abb9680a77b7a35) Importer(815301076,1909f56bfc062723c751e8b465ee728b)
Start importing Assets/Textures/Box.png using Guid(ee6e7401212ab7842abb9680a77b7a35) Importer(815301076,1909f56bfc062723c751e8b465ee728b)  -> (artifact id: '3839ef74118982684c5da260f5b857e8') in 0.011961 seconds
  Import took 0.017819 seconds .

========================================================================
Received Import Request.
  Time since last request: 0.000275 seconds.
  path: Assets/Textures/Cross.png
  artifactKey: Guid(f030e62dd4284984aadde58bc8c6333a) Importer(815301076,1909f56bfc062723c751e8b465ee728b)
Start importing Assets/Textures/Cross.png using Guid(f030e62dd4284984aadde58bc8c6333a) Importer(815301076,1909f56bfc062723c751e8b465ee728b)  -> (artifact id: 'f9672e36f8da96eb541896e34012a601') in 0.012235 seconds
  Import took 0.016855 seconds .

========================================================================
Received Import Request.
  Time since last request: 0.000336 seconds.
  path: Assets/Textures/Player.png
  artifactKey: Guid(3817f88143575d744ad8622aacfd2671) Importer(815301076,1909f56bfc062723c751e8b465ee728b)
Start importing Assets/Textures/Player.png using Guid(3817f88143575d744ad8622aacfd2671) Importer(815301076,1909f56bfc062723c751e8b465ee728b)  -> (artifact id: 'c20d1043e5a785914a075997fa9b0b94') in 0.011040 seconds
  Import took 0.015233 seconds .

========================================================================
Received Import Request.
  Time since last request: 0.000245 seconds.
  path: Assets/Textures/Tile.png
  artifactKey: Guid(9f2411c2d8e466640b31ffe0e8378231) Importer(815301076,1909f56bfc062723c751e8b465ee728b)
Start importing Assets/Textures/Tile.png using Guid(9f2411c2d8e466640b31ffe0e8378231) Importer(815301076,1909f56bfc062723c751e8b465ee728b)  -> (artifact id: '90df17bbb0ddde4a1a8634c0a757b0bf') in 0.011842 seconds
  Import took 0.017080 seconds .

========================================================================
Received Import Request.
  Time since last request: 57.506555 seconds.
  path: Assets/Textures/Cross.png
  artifactKey: Guid(f030e62dd4284984aadde58bc8c6333a) Importer(815301076,1909f56bfc062723c751e8b465ee728b)
Start importing Assets/Textures/Cross.png using Guid(f030e62dd4284984aadde58bc8c6333a) Importer(815301076,1909f56bfc062723c751e8b465ee728b)  -> (artifact id: '38f42542d7aa372a08732623b15185d5') in 0.010579 seconds
  Import took 0.014248 seconds .

========================================================================
Received Import Request.
  Time since last request: 0.014580 seconds.
  path: Assets/Textures/Box.png
  artifactKey: Guid(ee6e7401212ab7842abb9680a77b7a35) Importer(815301076,1909f56bfc062723c751e8b465ee728b)
Start importing Assets/Textures/Box.png using Guid(ee6e7401212ab7842abb9680a77b7a35) Importer(815301076,1909f56bfc062723c751e8b465ee728b)  -> (artifact id: 'df6c7134f90884b88dfb894075ba96a9') in 0.012226 seconds
  Import took 0.017706 seconds .

========================================================================
Received Import Request.
  Time since last request: 0.000442 seconds.
  path: Assets/Textures/Tile.png
  artifactKey: Guid(9f2411c2d8e466640b31ffe0e8378231) Importer(815301076,1909f56bfc062723c751e8b465ee728b)
Start importing Assets/Textures/Tile.png using Guid(9f2411c2d8e466640b31ffe0e8378231) Importer(815301076,1909f56bfc062723c751e8b465ee728b)  -> (artifact id: '5e9878677546108d86ffdea8be83d936') in 0.009597 seconds
  Import took 0.016193 seconds .

========================================================================
Received Import Request.
  Time since last request: 0.003548 seconds.
  path: Assets/Textures/Tile.png
  artifactKey: Guid(9f2411c2d8e466640b31ffe0e8378231) Importer(815301076,1909f56bfc062723c751e8b465ee728b)
Start importing Assets/Textures/Tile.png using Guid(9f2411c2d8e466640b31ffe0e8378231) Importer(815301076,1909f56bfc062723c751e8b465ee728b)  -> (artifact id: '5e9878677546108d86ffdea8be83d936') in 0.012052 seconds
  Import took 0.017117 seconds .

========================================================================
Received Import Request.
  Time since last request: 117.854613 seconds.
  path: Assets/Textures/Player.png
  artifactKey: Guid(3817f88143575d744ad8622aacfd2671) Importer(815301076,1909f56bfc062723c751e8b465ee728b)
Start importing Assets/Textures/Player.png using Guid(3817f88143575d744ad8622aacfd2671) Importer(815301076,1909f56bfc062723c751e8b465ee728b)  -> (artifact id: 'ff3f44a8fce8e7fa5cf3d50b22444cf7') in 0.012020 seconds
  Import took 0.017331 seconds .

========================================================================
Received Import Request.
  Time since last request: 374.919735 seconds.
  path: Assets/S.cs
  artifactKey: Guid(7ceb5eb6b9827b142ae53e684336d937) Importer(815301076,1909f56bfc062723c751e8b465ee728b)
Start importing Assets/S.cs using Guid(7ceb5eb6b9827b142ae53e684336d937) Importer(815301076,1909f56bfc062723c751e8b465ee728b)  -> (artifact id: '7ff66334552fe066accb14deb0dbcd05') in 0.004592 seconds
  Import took 0.010085 seconds .

========================================================================
Received Prepare
Registering precompiled user dll's ...
Registered in 0.001928 seconds.
Begin MonoManager ReloadAssembly
Native extension for WindowsStandalone target not found
Refreshing native plugins compatible for Editor in 0.40 ms, found 1 plugins.
Preloading 0 native plugins for Editor in 0.00 ms.
Mono: successfully reloaded assembly
- Completed reload, in  1.209 seconds
Platform modules already initialized, skipping
Refreshing native plugins compatible for Editor in 0.36 ms, found 1 plugins.
Preloading 0 native plugins for Editor in 0.00 ms.
Unloading 1805 Unused Serialized files (Serialized files now loaded: 0)
System memory in use before: 88.0 MB.
System memory in use after: 88.0 MB.

Unloading 12 unused Assets to reduce memory usage. Loaded Objects now: 2282.
Total: 2.485600 ms (FindLiveObjects: 0.252100 ms CreateObjectMapping: 0.068100 ms MarkObjects: 2.011600 ms  DeleteObjects: 0.152600 ms)

========================================================================
Received Prepare
Registering precompiled user dll's ...
Registered in 0.002089 seconds.
Begin MonoManager ReloadAssembly
Native extension for WindowsStandalone target not found
Refreshing native plugins compatible for Editor in 0.35 ms, found 1 plugins.
Preloading 0 native plugins for Editor in 0.00 ms.
Mono: successfully reloaded assembly
- Completed reload, in  1.092 seconds
Platform modules already initialized, skipping
Refreshing native plugins compatible for Editor in 0.35 ms, found 1 plugins.
Preloading 0 native plugins for Editor in 0.00 ms.
Unloading 1804 Unused Serialized files (Serialized files now loaded: 0)
System memory in use before: 88.0 MB.
System memory in use after: 88.0 MB.

Unloading 13 unused Assets to reduce memory usage. Loaded Objects now: 2285.
Total: 2.447800 ms (FindLiveObjects: 0.258100 ms CreateObjectMapping: 0.123400 ms MarkObjects: 1.937200 ms  DeleteObjects: 0.127800 ms)

========================================================================
Received Import Request.
  Time since last request: 18.483189 seconds.
  path: Assets/Script
  artifactKey: Guid(5453bca781648424ebf3f5398433ffe3) Importer(815301076,1909f56bfc062723c751e8b465ee728b)
Start importing Assets/Script using Guid(5453bca781648424ebf3f5398433ffe3) Importer(815301076,1909f56bfc062723c751e8b465ee728b)  -> (artifact id: '1cc61d3d693c0e95f8ddfcf6827b618b') in 0.007867 seconds
  Import took 0.013159 seconds .

========================================================================
Received Import Request.
  Time since last request: 2.430059 seconds.
  path: Assets/Sokoban.cs
  artifactKey: Guid(fe30175560d99ca45b62234273dc9b4e) Importer(815301076,1909f56bfc062723c751e8b465ee728b)
Start importing Assets/Sokoban.cs using Guid(fe30175560d99ca45b62234273dc9b4e) Importer(815301076,1909f56bfc062723c751e8b465ee728b)  -> (artifact id: '0842eaa15ee018809c247f44e8662a55') in 0.003289 seconds
  Import took 0.007609 seconds .

========================================================================
Received Import Request.
  Time since last request: 0.000438 seconds.
  path: Assets/Sokoban.cs
  artifactKey: Guid(fe30175560d99ca45b62234273dc9b4e) Importer(815301076,1909f56bfc062723c751e8b465ee728b)
Start importing Assets/Sokoban.cs using Guid(fe30175560d99ca45b62234273dc9b4e) Importer(815301076,1909f56bfc062723c751e8b465ee728b)  -> (artifact id: '0842eaa15ee018809c247f44e8662a55') in 0.003181 seconds
  Import took 0.006638 seconds .

========================================================================
Received Prepare
Registering precompiled user dll's ...
Registered in 0.001630 seconds.
Begin MonoManager ReloadAssembly
Native extension for WindowsStandalone target not found
Refreshing native plugins compatible for Editor in 0.40 ms, found 1 plugins.
Preloading 0 native plugins for Editor in 0.00 ms.
Mono: successfully reloaded assembly
- Completed reload, in  1.000 seconds
Platform modules already initialized, skipping
Refreshing native plugins compatible for Editor in 0.33 ms, found 1 plugins.
Preloading 0 native plugins for Editor in 0.00 ms.
Unloading 1803 Unused Serialized files (Serialized files now loaded: 0)
System memory in use before: 88.0 MB.
System memory in use after: 88.0 MB.

Unloading 13 unused Assets to reduce memory usage. Loaded Objects now: 2288.
Total: 2.226000 ms (FindLiveObjects: 0.199400 ms CreateObjectMapping: 0.128200 ms MarkObjects: 1.731600 ms  DeleteObjects: 0.127600 ms)

========================================================================
Received Import Request.
  Time since last request: 12.139695 seconds.
  path: Assets/Script/Player.cs
  artifactKey: Guid(1c9970d14a4bd9844a6f6e3cb4ba1e1c) Importer(815301076,1909f56bfc062723c751e8b465ee728b)
Start importing Assets/Script/Player.cs using Guid(1c9970d14a4bd9844a6f6e3cb4ba1e1c) Importer(815301076,1909f56bfc062723c751e8b465ee728b)  -> (artifact id: '9c1f7b37ce063d4f8a30d228e9175e45') in 0.006091 seconds
  Import took 0.010762 seconds .

========================================================================
Received Import Request.
  Time since last request: 0.022980 seconds.
  path: Assets/Script/Player.cs
  artifactKey: Guid(1c9970d14a4bd9844a6f6e3cb4ba1e1c) Importer(815301076,1909f56bfc062723c751e8b465ee728b)
Start importing Assets/Script/Player.cs using Guid(1c9970d14a4bd9844a6f6e3cb4ba1e1c) Importer(815301076,1909f56bfc062723c751e8b465ee728b)  -> (artifact id: '9c1f7b37ce063d4f8a30d228e9175e45') in 0.003796 seconds
  Import took 0.007628 seconds .

========================================================================
Received Prepare
Registering precompiled user dll's ...
Registered in 0.001548 seconds.
Begin MonoManager ReloadAssembly
Native extension for WindowsStandalone target not found
Refreshing native plugins compatible for Editor in 0.38 ms, found 1 plugins.
Preloading 0 native plugins for Editor in 0.00 ms.
Mono: successfully reloaded assembly
- Completed reload, in  1.212 seconds
Platform modules already initialized, skipping
Refreshing native plugins compatible for Editor in 0.33 ms, found 1 plugins.
Preloading 0 native plugins for Editor in 0.00 ms.
Unloading 1804 Unused Serialized files (Serialized files now loaded: 0)
System memory in use before: 88.0 MB.
System memory in use after: 88.0 MB.

Unloading 12 unused Assets to reduce memory usage. Loaded Objects now: 2293.
Total: 2.586200 ms (FindLiveObjects: 0.272500 ms CreateObjectMapping: 0.128000 ms MarkObjects: 2.021200 ms  DeleteObjects: 0.163500 ms)

========================================================================
Received Import Request.
  Time since last request: 103.172430 seconds.
  path: Assets/Script/Box.cs
  artifactKey: Guid(5d4e46713e67a0544a44e59052baa8a4) Importer(815301076,1909f56bfc062723c751e8b465ee728b)
Start importing Assets/Script/Box.cs using Guid(5d4e46713e67a0544a44e59052baa8a4) Importer(815301076,1909f56bfc062723c751e8b465ee728b)  -> (artifact id: 'd768825204165a3d62ceaacb2e01d35d') in 0.008518 seconds
  Import took 0.016200 seconds .

========================================================================
Received Prepare
Registering precompiled user dll's ...
Registered in 0.001711 seconds.
Begin MonoManager ReloadAssembly
Native extension for WindowsStandalone target not found
Refreshing native plugins compatible for Editor in 0.35 ms, found 1 plugins.
Preloading 0 native plugins for Editor in 0.00 ms.
Mono: successfully reloaded assembly
- Completed reload, in  1.154 seconds
Platform modules already initialized, skipping
Refreshing native plugins compatible for Editor in 0.37 ms, found 1 plugins.
Preloading 0 native plugins for Editor in 0.00 ms.
Unloading 1805 Unused Serialized files (Serialized files now loaded: 0)
System memory in use before: 88.1 MB.
System memory in use after: 88.0 MB.

Unloading 12 unused Assets to reduce memory usage. Loaded Objects now: 2298.
Total: 2.330300 ms (FindLiveObjects: 0.342100 ms CreateObjectMapping: 0.089500 ms MarkObjects: 1.766900 ms  DeleteObjects: 0.130400 ms)

========================================================================
Received Import Request.
  Time since last request: 14.377443 seconds.
  path: Assets/Script/GameManager.cs
  artifactKey: Guid(5a555ee2bc4bb3642b06aa0a5b17286d) Importer(815301076,1909f56bfc062723c751e8b465ee728b)
Start importing Assets/Script/GameManager.cs using Guid(5a555ee2bc4bb3642b06aa0a5b17286d) Importer(815301076,1909f56bfc062723c751e8b465ee728b)  -> (artifact id: '688e49719c03324e8dfffa736d21aaa0') in 0.009368 seconds
  Import took 0.015801 seconds .

========================================================================
Received Import Request.
  Time since last request: 0.033211 seconds.
  path: Assets/Script/GameManager.cs
  artifactKey: Guid(5a555ee2bc4bb3642b06aa0a5b17286d) Importer(815301076,1909f56bfc062723c751e8b465ee728b)
Start importing Assets/Script/GameManager.cs using Guid(5a555ee2bc4bb3642b06aa0a5b17286d) Importer(815301076,1909f56bfc062723c751e8b465ee728b)  -> (artifact id: '688e49719c03324e8dfffa736d21aaa0') in 0.005673 seconds
  Import took 0.011725 seconds .

========================================================================
Received Prepare
Registering precompiled user dll's ...
Registered in 0.001652 seconds.
Begin MonoManager ReloadAssembly
Native extension for WindowsStandalone target not found
Refreshing native plugins compatible for Editor in 0.98 ms, found 1 plugins.
Preloading 0 native plugins for Editor in 0.00 ms.
Mono: successfully reloaded assembly
- Completed reload, in  1.111 seconds
Platform modules already initialized, skipping
Refreshing native plugins compatible for Editor in 0.35 ms, found 1 plugins.
Preloading 0 native plugins for Editor in 0.00 ms.
Unloading 1806 Unused Serialized files (Serialized files now loaded: 0)
System memory in use before: 88.1 MB.
System memory in use after: 88.1 MB.

Unloading 12 unused Assets to reduce memory usage. Loaded Objects now: 2303.
Total: 2.585600 ms (FindLiveObjects: 0.369200 ms CreateObjectMapping: 0.111400 ms MarkObjects: 1.977900 ms  DeleteObjects: 0.125900 ms)

========================================================================
Received Import Request.
  Time since last request: 13.379784 seconds.
  path: Assets/Script/Level.cs
  artifactKey: Guid(625140db61093254ea4f9ef85a9578bb) Importer(815301076,1909f56bfc062723c751e8b465ee728b)
Start importing Assets/Script/Level.cs using Guid(625140db61093254ea4f9ef85a9578bb) Importer(815301076,1909f56bfc062723c751e8b465ee728b)  -> (artifact id: '17905cd95310c82c9a9356f043a08152') in 0.007010 seconds
  Import took 0.010924 seconds .

========================================================================
Received Import Request.
  Time since last request: 0.027404 seconds.
  path: Assets/Script/Level.cs
  artifactKey: Guid(625140db61093254ea4f9ef85a9578bb) Importer(815301076,1909f56bfc062723c751e8b465ee728b)
Start importing Assets/Script/Level.cs using Guid(625140db61093254ea4f9ef85a9578bb) Importer(815301076,1909f56bfc062723c751e8b465ee728b)  -> (artifact id: '17905cd95310c82c9a9356f043a08152') in 0.003799 seconds
  Import took 0.007708 seconds .

========================================================================
Received Prepare
Registering precompiled user dll's ...
Registered in 0.001916 seconds.
Begin MonoManager ReloadAssembly
Native extension for WindowsStandalone target not found
Refreshing native plugins compatible for Editor in 0.36 ms, found 1 plugins.
Preloading 0 native plugins for Editor in 0.00 ms.
Mono: successfully reloaded assembly
- Completed reload, in  1.124 seconds
Platform modules already initialized, skipping
Refreshing native plugins compatible for Editor in 0.54 ms, found 1 plugins.
Preloading 0 native plugins for Editor in 0.00 ms.
Unloading 1807 Unused Serialized files (Serialized files now loaded: 0)
System memory in use before: 88.1 MB.
System memory in use after: 88.1 MB.

Unloading 12 unused Assets to reduce memory usage. Loaded Objects now: 2308.
Total: 2.560500 ms (FindLiveObjects: 0.193200 ms CreateObjectMapping: 0.071600 ms MarkObjects: 2.163600 ms  DeleteObjects: 0.130400 ms)

========================================================================
Received Import Request.
  Time since last request: 13.646786 seconds.
  path: Assets/Script/LevelBuilder.cs
  artifactKey: Guid(83e9eae66ac2e0d438950035074f4c75) Importer(815301076,1909f56bfc062723c751e8b465ee728b)
Start importing Assets/Script/LevelBuilder.cs using Guid(83e9eae66ac2e0d438950035074f4c75) Importer(815301076,1909f56bfc062723c751e8b465ee728b)  -> (artifact id: 'ebbe2fd149d4c8ba8e4ed7b2bb5592d2') in 0.007415 seconds
  Import took 0.011940 seconds .

========================================================================
Received Import Request.
  Time since last request: 0.026632 seconds.
  path: Assets/Script/LevelBuilder.cs
  artifactKey: Guid(83e9eae66ac2e0d438950035074f4c75) Importer(815301076,1909f56bfc062723c751e8b465ee728b)
Start importing Assets/Script/LevelBuilder.cs using Guid(83e9eae66ac2e0d438950035074f4c75) Importer(815301076,1909f56bfc062723c751e8b465ee728b)  -> (artifact id: 'ebbe2fd149d4c8ba8e4ed7b2bb5592d2') in 0.003759 seconds
  Import took 0.009775 seconds .

========================================================================
Received Prepare
Registering precompiled user dll's ...
Registered in 0.001993 seconds.
Begin MonoManager ReloadAssembly
Native extension for WindowsStandalone target not found
Refreshing native plugins compatible for Editor in 1.90 ms, found 1 plugins.
Preloading 0 native plugins for Editor in 0.00 ms.
Mono: successfully reloaded assembly
- Completed reload, in  1.296 seconds
Platform modules already initialized, skipping
Refreshing native plugins compatible for Editor in 0.34 ms, found 1 plugins.
Preloading 0 native plugins for Editor in 0.00 ms.
Unloading 1808 Unused Serialized files (Serialized files now loaded: 0)
System memory in use before: 88.2 MB.
System memory in use after: 88.1 MB.

Unloading 12 unused Assets to reduce memory usage. Loaded Objects now: 2313.
Total: 2.492100 ms (FindLiveObjects: 0.290100 ms CreateObjectMapping: 0.066300 ms MarkObjects: 2.014200 ms  DeleteObjects: 0.120200 ms)

========================================================================
Received Import Request.
  Time since last request: 891.924211 seconds.
  path: Assets/Script/Player.cs
  artifactKey: Guid(1c9970d14a4bd9844a6f6e3cb4ba1e1c) Importer(815301076,1909f56bfc062723c751e8b465ee728b)
Start importing Assets/Script/Player.cs using Guid(1c9970d14a4bd9844a6f6e3cb4ba1e1c) Importer(815301076,1909f56bfc062723c751e8b465ee728b)  -> (artifact id: 'c416e4e38e3ceaf045452f861e36ed06') in 0.012995 seconds
  Import took 0.023666 seconds .

========================================================================
Received Import Request.
  Time since last request: 3.521812 seconds.
  path: ProjectSettings/TagManager.asset
  artifactKey: Guid(00000000000000003000000000000000) Importer(815301076,1909f56bfc062723c751e8b465ee728b)
Start importing ProjectSettings/TagManager.asset using Guid(00000000000000003000000000000000) Importer(815301076,1909f56bfc062723c751e8b465ee728b)  -> (artifact id: '412dcb57b31f49cb50955ec4e4cd9f98') in 0.025131 seconds
  Import took 0.029930 seconds .

========================================================================
Received Import Request.
  Time since last request: 159.501648 seconds.
  path: ProjectSettings/TagManager.asset
  artifactKey: Guid(00000000000000003000000000000000) Importer(815301076,1909f56bfc062723c751e8b465ee728b)
Start importing ProjectSettings/TagManager.asset using Guid(00000000000000003000000000000000) Importer(815301076,1909f56bfc062723c751e8b465ee728b)  -> (artifact id: '8f95494e8f8bb9c5c7911bf6e58f3759') in 0.004341 seconds
  Import took 0.008788 seconds .

========================================================================
Received Prepare
Registering precompiled user dll's ...
Registered in 0.002169 seconds.
Begin MonoManager ReloadAssembly
Native extension for WindowsStandalone target not found
Refreshing native plugins compatible for Editor in 0.35 ms, found 1 plugins.
Preloading 0 native plugins for Editor in 0.00 ms.
Mono: successfully reloaded assembly
- Completed reload, in  1.098 seconds
Platform modules already initialized, skipping
Refreshing native plugins compatible for Editor in 0.35 ms, found 1 plugins.
Preloading 0 native plugins for Editor in 0.00 ms.
Unloading 1808 Unused Serialized files (Serialized files now loaded: 0)
System memory in use before: 88.2 MB.
System memory in use after: 88.2 MB.

Unloading 14 unused Assets to reduce memory usage. Loaded Objects now: 2317.
Total: 2.691800 ms (FindLiveObjects: 0.392300 ms CreateObjectMapping: 0.118400 ms MarkObjects: 2.016800 ms  DeleteObjects: 0.163600 ms)

========================================================================
Received Prepare
Registering precompiled user dll's ...
Registered in 0.001777 seconds.
Begin MonoManager ReloadAssembly
Native extension for WindowsStandalone target not found
Refreshing native plugins compatible for Editor in 0.39 ms, found 1 plugins.
Preloading 0 native plugins for Editor in 0.00 ms.
Mono: successfully reloaded assembly
- Completed reload, in  1.168 seconds
Platform modules already initialized, skipping
Refreshing native plugins compatible for Editor in 0.35 ms, found 1 plugins.
Preloading 0 native plugins for Editor in 0.00 ms.
Unloading 1808 Unused Serialized files (Serialized files now loaded: 0)
System memory in use before: 88.2 MB.
System memory in use after: 88.2 MB.

Unloading 12 unused Assets to reduce memory usage. Loaded Objects now: 2321.
Total: 2.719900 ms (FindLiveObjects: 0.327900 ms CreateObjectMapping: 0.075000 ms MarkObjects: 2.160900 ms  DeleteObjects: 0.154500 ms)

========================================================================
Received Import Request.
  Time since last request: 1670.264529 seconds.
  path: Assets/Script/GameManager.cs
  artifactKey: Guid(5a555ee2bc4bb3642b06aa0a5b17286d) Importer(815301076,1909f56bfc062723c751e8b465ee728b)
Start importing Assets/Script/GameManager.cs using Guid(5a555ee2bc4bb3642b06aa0a5b17286d) Importer(815301076,1909f56bfc062723c751e8b465ee728b)  -> (artifact id: '17fddbb967165b5519f49672ec29ebc4') in 0.009739 seconds
  Import took 0.014012 seconds .

========================================================================
Received Prepare
Registering precompiled user dll's ...
Registered in 0.001495 seconds.
Begin MonoManager ReloadAssembly
Native extension for WindowsStandalone target not found
Refreshing native plugins compatible for Editor in 0.37 ms, found 1 plugins.
Preloading 0 native plugins for Editor in 0.00 ms.
Mono: successfully reloaded assembly
- Completed reload, in  0.975 seconds
Platform modules already initialized, skipping
Refreshing native plugins compatible for Editor in 0.38 ms, found 1 plugins.
Preloading 0 native plugins for Editor in 0.00 ms.
Unloading 1808 Unused Serialized files (Serialized files now loaded: 0)
System memory in use before: 88.2 MB.
System memory in use after: 88.2 MB.

Unloading 12 unused Assets to reduce memory usage. Loaded Objects now: 2325.
Total: 2.209400 ms (FindLiveObjects: 0.233700 ms CreateObjectMapping: 0.079800 ms MarkObjects: 1.735700 ms  DeleteObjects: 0.159000 ms)

========================================================================
Received Import Request.
  Time since last request: 158.412090 seconds.
  path: Assets/Resources
  artifactKey: Guid(c707e5a221996a44f82438055c931922) Importer(815301076,1909f56bfc062723c751e8b465ee728b)
Start importing Assets/Resources using Guid(c707e5a221996a44f82438055c931922) Importer(815301076,1909f56bfc062723c751e8b465ee728b)  -> (artifact id: '9d262a1c2c8206033a1a8ec3ad522914') in 0.008781 seconds
  Import took 0.016607 seconds .

========================================================================
Received Prepare
Registering precompiled user dll's ...
Registered in 0.001557 seconds.
Begin MonoManager ReloadAssembly
Native extension for WindowsStandalone target not found
Refreshing native plugins compatible for Editor in 0.34 ms, found 1 plugins.
Preloading 0 native plugins for Editor in 0.00 ms.
Mono: successfully reloaded assembly
- Completed reload, in  0.986 seconds
Platform modules already initialized, skipping
Refreshing native plugins compatible for Editor in 0.33 ms, found 1 plugins.
Preloading 0 native plugins for Editor in 0.00 ms.
Unloading 1808 Unused Serialized files (Serialized files now loaded: 0)
System memory in use before: 88.2 MB.
System memory in use after: 88.2 MB.

Unloading 12 unused Assets to reduce memory usage. Loaded Objects now: 2329.
Total: 2.146800 ms (FindLiveObjects: 0.241400 ms CreateObjectMapping: 0.067800 ms MarkObjects: 1.619400 ms  DeleteObjects: 0.217200 ms)

========================================================================
Received Import Request.
  Time since last request: 325.275490 seconds.
  path: Assets/Script/Level.cs
  artifactKey: Guid(625140db61093254ea4f9ef85a9578bb) Importer(815301076,1909f56bfc062723c751e8b465ee728b)
Start importing Assets/Script/Level.cs using Guid(625140db61093254ea4f9ef85a9578bb) Importer(815301076,1909f56bfc062723c751e8b465ee728b)  -> (artifact id: 'e12b37ad57df10f53003fefd26baab11') in 0.006242 seconds
  Import took 0.010182 seconds .

========================================================================
Received Import Request.
  Time since last request: 3.959440 seconds.
  path: Assets/Script/Levels.cs
  artifactKey: Guid(625140db61093254ea4f9ef85a9578bb) Importer(815301076,1909f56bfc062723c751e8b465ee728b)
Start importing Assets/Script/Levels.cs using Guid(625140db61093254ea4f9ef85a9578bb) Importer(815301076,1909f56bfc062723c751e8b465ee728b)  -> (artifact id: '101186077c82972f842137f483a64e3f') in 0.003557 seconds
  Import took 0.007574 seconds .

========================================================================
Received Prepare
Registering precompiled user dll's ...
Registered in 0.001476 seconds.
Begin MonoManager ReloadAssembly
Native extension for WindowsStandalone target not found
Refreshing native plugins compatible for Editor in 0.35 ms, found 1 plugins.
Preloading 0 native plugins for Editor in 0.00 ms.
Mono: successfully reloaded assembly
- Completed reload, in  1.054 seconds
Platform modules already initialized, skipping
Refreshing native plugins compatible for Editor in 0.35 ms, found 1 plugins.
Preloading 0 native plugins for Editor in 0.00 ms.
Unloading 1808 Unused Serialized files (Serialized files now loaded: 0)
System memory in use before: 88.2 MB.
System memory in use after: 88.2 MB.

Unloading 12 unused Assets to reduce memory usage. Loaded Objects now: 2333.
Total: 2.865200 ms (FindLiveObjects: 0.297500 ms CreateObjectMapping: 0.096200 ms MarkObjects: 2.312200 ms  DeleteObjects: 0.158100 ms)

========================================================================
Received Prepare
Registering precompiled user dll's ...
Registered in 0.001667 seconds.
Begin MonoManager ReloadAssembly
Native extension for WindowsStandalone target not found
Refreshing native plugins compatible for Editor in 0.37 ms, found 1 plugins.
Preloading 0 native plugins for Editor in 0.00 ms.
Mono: successfully reloaded assembly
- Completed reload, in  0.943 seconds
Platform modules already initialized, skipping
Refreshing native plugins compatible for Editor in 0.71 ms, found 1 plugins.
Preloading 0 native plugins for Editor in 0.00 ms.
Unloading 1808 Unused Serialized files (Serialized files now loaded: 0)
System memory in use before: 88.2 MB.
System memory in use after: 88.2 MB.

Unloading 12 unused Assets to reduce memory usage. Loaded Objects now: 2337.
Total: 4.077200 ms (FindLiveObjects: 0.321300 ms CreateObjectMapping: 0.098100 ms MarkObjects: 3.434500 ms  DeleteObjects: 0.221000 ms)

========================================================================
Received Prepare
Registering precompiled user dll's ...
Registered in 0.001836 seconds.
Begin MonoManager ReloadAssembly
Native extension for WindowsStandalone target not found
Refreshing native plugins compatible for Editor in 0.46 ms, found 1 plugins.
Preloading 0 native plugins for Editor in 0.00 ms.
Mono: successfully reloaded assembly
- Completed reload, in  0.982 seconds
Platform modules already initialized, skipping
Refreshing native plugins compatible for Editor in 0.33 ms, found 1 plugins.
Preloading 0 native plugins for Editor in 0.00 ms.
Unloading 1808 Unused Serialized files (Serialized files now loaded: 0)
System memory in use before: 88.2 MB.
System memory in use after: 88.2 MB.

Unloading 12 unused Assets to reduce memory usage. Loaded Objects now: 2341.
Total: 2.185600 ms (FindLiveObjects: 0.270700 ms CreateObjectMapping: 0.083100 ms MarkObjects: 1.693100 ms  DeleteObjects: 0.137600 ms)

========================================================================
Received Prepare
Registering precompiled user dll's ...
Registered in 0.002144 seconds.
Begin MonoManager ReloadAssembly
Native extension for WindowsStandalone target not found
Refreshing native plugins compatible for Editor in 0.58 ms, found 1 plugins.
Preloading 0 native plugins for Editor in 0.00 ms.
Mono: successfully reloaded assembly
- Completed reload, in  1.226 seconds
Platform modules already initialized, skipping
Refreshing native plugins compatible for Editor in 0.55 ms, found 1 plugins.
Preloading 0 native plugins for Editor in 0.00 ms.
Unloading 1808 Unused Serialized files (Serialized files now loaded: 0)
System memory in use before: 88.3 MB.
System memory in use after: 88.2 MB.

Unloading 12 unused Assets to reduce memory usage. Loaded Objects now: 2345.
Total: 2.793900 ms (FindLiveObjects: 0.269900 ms CreateObjectMapping: 0.170200 ms MarkObjects: 2.138800 ms  DeleteObjects: 0.213500 ms)

========================================================================
Received Import Request.
  Time since last request: 1608.364396 seconds.
  path: Assets/Resources/Levels.txt
  artifactKey: Guid(0e446789cdee78349b57ee6b37d38a0b) Importer(815301076,1909f56bfc062723c751e8b465ee728b)
Start importing Assets/Resources/Levels.txt using Guid(0e446789cdee78349b57ee6b37d38a0b) Importer(815301076,1909f56bfc062723c751e8b465ee728b)  -> (artifact id: '9a05a2e74339b0ca3d6bb1f1c627ba85') in 0.019459 seconds
  Import took 0.024967 seconds .

========================================================================
Received Prepare
Registering precompiled user dll's ...
Registered in 0.001558 seconds.
Begin MonoManager ReloadAssembly
Native extension for WindowsStandalone target not found
Refreshing native plugins compatible for Editor in 0.38 ms, found 1 plugins.
Preloading 0 native plugins for Editor in 0.00 ms.
Mono: successfully reloaded assembly
- Completed reload, in  1.058 seconds
Platform modules already initialized, skipping
Refreshing native plugins compatible for Editor in 0.64 ms, found 1 plugins.
Preloading 0 native plugins for Editor in 0.00 ms.
Unloading 1808 Unused Serialized files (Serialized files now loaded: 0)
System memory in use before: 88.3 MB.
System memory in use after: 88.2 MB.

Unloading 12 unused Assets to reduce memory usage. Loaded Objects now: 2349.
Total: 2.588800 ms (FindLiveObjects: 0.299800 ms CreateObjectMapping: 0.070200 ms MarkObjects: 2.040500 ms  DeleteObjects: 0.176700 ms)

========================================================================
Received Import Request.
  Time since last request: 1058.730195 seconds.
  path: Assets/Script/LevelBuilder.cs
  artifactKey: Guid(83e9eae66ac2e0d438950035074f4c75) Importer(815301076,1909f56bfc062723c751e8b465ee728b)
Start importing Assets/Script/LevelBuilder.cs using Guid(83e9eae66ac2e0d438950035074f4c75) Importer(815301076,1909f56bfc062723c751e8b465ee728b)  -> (artifact id: 'bd66a7ba45177d72f21c10efec04cff2') in 0.006296 seconds
  Import took 0.010387 seconds .

========================================================================
Received Prepare
Registering precompiled user dll's ...
Registered in 0.001603 seconds.
Begin MonoManager ReloadAssembly
Native extension for WindowsStandalone target not found
Refreshing native plugins compatible for Editor in 0.34 ms, found 1 plugins.
Preloading 0 native plugins for Editor in 0.00 ms.
Mono: successfully reloaded assembly
- Completed reload, in  0.990 seconds
Platform modules already initialized, skipping
Refreshing native plugins compatible for Editor in 0.41 ms, found 1 plugins.
Preloading 0 native plugins for Editor in 0.00 ms.
Unloading 1808 Unused Serialized files (Serialized files now loaded: 0)
System memory in use before: 88.3 MB.
System memory in use after: 88.3 MB.

Unloading 12 unused Assets to reduce memory usage. Loaded Objects now: 2353.
Total: 2.323200 ms (FindLiveObjects: 0.366900 ms CreateObjectMapping: 0.091700 ms MarkObjects: 1.711500 ms  DeleteObjects: 0.152200 ms)

========================================================================
Received Import Request.
  Time since last request: 447.679207 seconds.
  path: Assets/Prefabs
  artifactKey: Guid(7dbb1f4f1d3ef924d83c858bf6f690d0) Importer(815301076,1909f56bfc062723c751e8b465ee728b)
Start importing Assets/Prefabs using Guid(7dbb1f4f1d3ef924d83c858bf6f690d0) Importer(815301076,1909f56bfc062723c751e8b465ee728b)  -> (artifact id: 'd2756cfc8f4a0f705c005e9fc9c5cb59') in 0.008065 seconds
  Import took 0.012167 seconds .

========================================================================
Received Import Request.
  Time since last request: 13.285827 seconds.
  path: Assets/Prefabs/Player.prefab
  artifactKey: Guid(c2c814f50658c8148b39e9cc4bf49f76) Importer(815301076,1909f56bfc062723c751e8b465ee728b)
Start importing Assets/Prefabs/Player.prefab using Guid(c2c814f50658c8148b39e9cc4bf49f76) Importer(815301076,1909f56bfc062723c751e8b465ee728b)  -> (artifact id: '9a22ecbdd911c9bad54b171324b71577') in 0.088851 seconds
  Import took 0.095318 seconds .

========================================================================
Received Import Request.
  Time since last request: 9.842569 seconds.
  path: Assets/Prefabs/Box.prefab
  artifactKey: Guid(d96e6914c8a760547bd9082fdceda41f) Importer(815301076,1909f56bfc062723c751e8b465ee728b)
Start importing Assets/Prefabs/Box.prefab using Guid(d96e6914c8a760547bd9082fdceda41f) Importer(815301076,1909f56bfc062723c751e8b465ee728b)  -> (artifact id: 'f942a0c5a7f42067bf5fc47e010adc2d') in 0.016255 seconds
  Import took 0.021534 seconds .

========================================================================
Received Import Request.
  Time since last request: 0.003416 seconds.
  path: Assets/Prefabs/Box.prefab
  artifactKey: Guid(d96e6914c8a760547bd9082fdceda41f) Importer(815301076,1909f56bfc062723c751e8b465ee728b)
Start importing Assets/Prefabs/Box.prefab using Guid(d96e6914c8a760547bd9082fdceda41f) Importer(815301076,1909f56bfc062723c751e8b465ee728b)  -> (artifact id: 'f942a0c5a7f42067bf5fc47e010adc2d') in 0.016974 seconds
  Import took 0.020858 seconds .

========================================================================
Received Import Request.
  Time since last request: 16.478244 seconds.
  path: Assets/Prefabs/Box.prefab
  artifactKey: Guid(d96e6914c8a760547bd9082fdceda41f) Importer(815301076,1909f56bfc062723c751e8b465ee728b)
Start importing Assets/Prefabs/Box.prefab using Guid(d96e6914c8a760547bd9082fdceda41f) Importer(815301076,1909f56bfc062723c751e8b465ee728b)  -> (artifact id: 'beedd1833b1bf8844bddcfdb3bf20689') in 0.012880 seconds
  Import took 0.020250 seconds .

========================================================================
Received Import Request.
  Time since last request: 0.011257 seconds.
  path: Assets/Prefabs/Box.prefab
  artifactKey: Guid(d96e6914c8a760547bd9082fdceda41f) Importer(815301076,1909f56bfc062723c751e8b465ee728b)
Start importing Assets/Prefabs/Box.prefab using Guid(d96e6914c8a760547bd9082fdceda41f) Importer(815301076,1909f56bfc062723c751e8b465ee728b)  -> (artifact id: 'beedd1833b1bf8844bddcfdb3bf20689') in 0.012409 seconds
  Import took 0.017099 seconds .

========================================================================
Received Import Request.
  Time since last request: 2.253262 seconds.
  path: Assets/Prefabs/Cross.prefab
  artifactKey: Guid(d12d43a27c565654097eb021f161dc07) Importer(815301076,1909f56bfc062723c751e8b465ee728b)
Start importing Assets/Prefabs/Cross.prefab using Guid(d12d43a27c565654097eb021f161dc07) Importer(815301076,1909f56bfc062723c751e8b465ee728b)  -> (artifact id: '873b19622d9b49f1514848a60a8b8a6b') in 0.013642 seconds
  Import took 0.018704 seconds .

========================================================================
Received Import Request.
  Time since last request: 0.005344 seconds.
  path: Assets/Prefabs/Cross.prefab
  artifactKey: Guid(d12d43a27c565654097eb021f161dc07) Importer(815301076,1909f56bfc062723c751e8b465ee728b)
Start importing Assets/Prefabs/Cross.prefab using Guid(d12d43a27c565654097eb021f161dc07) Importer(815301076,1909f56bfc062723c751e8b465ee728b)  -> (artifact id: '873b19622d9b49f1514848a60a8b8a6b') in 0.014720 seconds
  Import took 0.022871 seconds .

========================================================================
Received Import Request.
  Time since last request: 3.774289 seconds.
  path: Assets/Prefabs/Wall.prefab
  artifactKey: Guid(470a6d80bca9a6b4e8999dde4386abe0) Importer(815301076,1909f56bfc062723c751e8b465ee728b)
Start importing Assets/Prefabs/Wall.prefab using Guid(470a6d80bca9a6b4e8999dde4386abe0) Importer(815301076,1909f56bfc062723c751e8b465ee728b)  -> (artifact id: 'f0a9f6c57ef33da8a24e67f9c949c30a') in 0.021009 seconds
  Import took 0.026182 seconds .

========================================================================
Received Import Request.
  Time since last request: 0.003630 seconds.
  path: Assets/Prefabs/Wall.prefab
  artifactKey: Guid(470a6d80bca9a6b4e8999dde4386abe0) Importer(815301076,1909f56bfc062723c751e8b465ee728b)
Start importing Assets/Prefabs/Wall.prefab using Guid(470a6d80bca9a6b4e8999dde4386abe0) Importer(815301076,1909f56bfc062723c751e8b465ee728b)  -> (artifact id: 'f0a9f6c57ef33da8a24e67f9c949c30a') in 0.012629 seconds
  Import took 0.019471 seconds .

========================================================================
Received Prepare
Registering precompiled user dll's ...
Registered in 0.001614 seconds.
Begin MonoManager ReloadAssembly
Native extension for WindowsStandalone target not found
Refreshing native plugins compatible for Editor in 0.36 ms, found 1 plugins.
Preloading 0 native plugins for Editor in 0.00 ms.
Mono: successfully reloaded assembly
- Completed reload, in  1.152 seconds
Platform modules already initialized, skipping
Refreshing native plugins compatible for Editor in 0.34 ms, found 1 plugins.
Preloading 0 native plugins for Editor in 0.00 ms.
Unloading 1808 Unused Serialized files (Serialized files now loaded: 0)
System memory in use before: 88.3 MB.
System memory in use after: 88.3 MB.

Unloading 12 unused Assets to reduce memory usage. Loaded Objects now: 2362.
Total: 3.115600 ms (FindLiveObjects: 0.258400 ms CreateObjectMapping: 0.064500 ms MarkObjects: 2.639400 ms  DeleteObjects: 0.151800 ms)

========================================================================
Received Prepare
Registering precompiled user dll's ...
Registered in 0.001514 seconds.
Begin MonoManager ReloadAssembly
Native extension for WindowsStandalone target not found
Refreshing native plugins compatible for Editor in 0.35 ms, found 1 plugins.
Preloading 0 native plugins for Editor in 0.00 ms.
Mono: successfully reloaded assembly
- Completed reload, in  0.997 seconds
Platform modules already initialized, skipping
Refreshing native plugins compatible for Editor in 0.35 ms, found 1 plugins.
Preloading 0 native plugins for Editor in 0.00 ms.
Unloading 1808 Unused Serialized files (Serialized files now loaded: 0)
System memory in use before: 88.3 MB.
System memory in use after: 88.3 MB.

Unloading 12 unused Assets to reduce memory usage. Loaded Objects now: 2366.
Total: 2.523900 ms (FindLiveObjects: 0.380200 ms CreateObjectMapping: 0.113200 ms MarkObjects: 1.877900 ms  DeleteObjects: 0.151100 ms)

========================================================================
Received Import Request.
  Time since last request: 235.760322 seconds.
  path: Assets/Prefabs/Player.prefab
  artifactKey: Guid(c2c814f50658c8148b39e9cc4bf49f76) Importer(815301076,1909f56bfc062723c751e8b465ee728b)
Start importing Assets/Prefabs/Player.prefab using Guid(c2c814f50658c8148b39e9cc4bf49f76) Importer(815301076,1909f56bfc062723c751e8b465ee728b)  -> (artifact id: '313094cd84f0f58feb70e9b1974173f2') in 0.064136 seconds
  Import took 0.068370 seconds .

========================================================================
Received Prepare
Registering precompiled user dll's ...
Registered in 0.001448 seconds.
Begin MonoManager ReloadAssembly
Native extension for WindowsStandalone target not found
Refreshing native plugins compatible for Editor in 1.44 ms, found 1 plugins.
Preloading 0 native plugins for Editor in 0.00 ms.
Mono: successfully reloaded assembly
- Completed reload, in  1.129 seconds
Platform modules already initialized, skipping
Refreshing native plugins compatible for Editor in 0.40 ms, found 1 plugins.
Preloading 0 native plugins for Editor in 0.00 ms.
Unloading 1808 Unused Serialized files (Serialized files now loaded: 0)
System memory in use before: 88.3 MB.
System memory in use after: 88.3 MB.

Unloading 12 unused Assets to reduce memory usage. Loaded Objects now: 2371.
Total: 2.243900 ms (FindLiveObjects: 0.239800 ms CreateObjectMapping: 0.100500 ms MarkObjects: 1.752700 ms  DeleteObjects: 0.149600 ms)

========================================================================
Received Import Request.
  Time since last request: 39.181351 seconds.
  path: ProjectSettings/TagManager.asset
  artifactKey: Guid(00000000000000003000000000000000) Importer(815301076,1909f56bfc062723c751e8b465ee728b)
Start importing ProjectSettings/TagManager.asset using Guid(00000000000000003000000000000000) Importer(815301076,1909f56bfc062723c751e8b465ee728b)  -> (artifact id: '132e8ae00ac0af525a639afb22aab4f1') in 0.015982 seconds
  Import took 0.020254 seconds .

========================================================================
Received Import Request.
  Time since last request: 9.852549 seconds.
  path: Assets/Prefabs/Cross.prefab
  artifactKey: Guid(d12d43a27c565654097eb021f161dc07) Importer(815301076,1909f56bfc062723c751e8b465ee728b)
Start importing Assets/Prefabs/Cross.prefab using Guid(d12d43a27c565654097eb021f161dc07) Importer(815301076,1909f56bfc062723c751e8b465ee728b)  -> (artifact id: '8d195b673313876da3ecfbf9983bc052') in 0.049354 seconds
  Import took 0.052951 seconds .

========================================================================
Received Prepare
Registering precompiled user dll's ...
Registered in 0.001868 seconds.
Begin MonoManager ReloadAssembly
Native extension for WindowsStandalone target not found
Refreshing native plugins compatible for Editor in 0.35 ms, found 1 plugins.
Preloading 0 native plugins for Editor in 0.00 ms.
Mono: successfully reloaded assembly
- Completed reload, in  1.038 seconds
Platform modules already initialized, skipping
Refreshing native plugins compatible for Editor in 1.44 ms, found 1 plugins.
Preloading 0 native plugins for Editor in 0.00 ms.
Unloading 1808 Unused Serialized files (Serialized files now loaded: 0)
System memory in use before: 88.4 MB.
System memory in use after: 88.3 MB.

Unloading 13 unused Assets to reduce memory usage. Loaded Objects now: 2376.
Total: 3.448200 ms (FindLiveObjects: 0.814300 ms CreateObjectMapping: 0.147700 ms MarkObjects: 2.361100 ms  DeleteObjects: 0.122100 ms)

========================================================================
Received Prepare
Registering precompiled user dll's ...
Registered in 0.001937 seconds.
Begin MonoManager ReloadAssembly
Native extension for WindowsStandalone target not found
Refreshing native plugins compatible for Editor in 0.37 ms, found 1 plugins.
Preloading 0 native plugins for Editor in 0.00 ms.
Mono: successfully reloaded assembly
- Completed reload, in  1.054 seconds
Platform modules already initialized, skipping
Refreshing native plugins compatible for Editor in 0.37 ms, found 1 plugins.
Preloading 0 native plugins for Editor in 0.00 ms.
Unloading 1808 Unused Serialized files (Serialized files now loaded: 0)
System memory in use before: 88.4 MB.
System memory in use after: 88.3 MB.

Unloading 12 unused Assets to reduce memory usage. Loaded Objects now: 2380.
Total: 2.502200 ms (FindLiveObjects: 0.313700 ms CreateObjectMapping: 0.067200 ms MarkObjects: 1.967300 ms  DeleteObjects: 0.152200 ms)

========================================================================
Received Prepare
Registering precompiled user dll's ...
Registered in 0.001599 seconds.
Begin MonoManager ReloadAssembly
Native extension for WindowsStandalone target not found
Refreshing native plugins compatible for Editor in 0.39 ms, found 1 plugins.
Preloading 0 native plugins for Editor in 0.00 ms.
Mono: successfully reloaded assembly
- Completed reload, in  1.145 seconds
Platform modules already initialized, skipping
Refreshing native plugins compatible for Editor in 1.58 ms, found 1 plugins.
Preloading 0 native plugins for Editor in 0.00 ms.
Unloading 1808 Unused Serialized files (Serialized files now loaded: 0)
System memory in use before: 88.4 MB.
System memory in use after: 88.3 MB.

Unloading 12 unused Assets to reduce memory usage. Loaded Objects now: 2384.
Total: 2.440700 ms (FindLiveObjects: 0.218800 ms CreateObjectMapping: 0.072700 ms MarkObjects: 2.001600 ms  DeleteObjects: 0.146000 ms)

========================================================================
Received Prepare
Registering precompiled user dll's ...
Registered in 0.001514 seconds.
Begin MonoManager ReloadAssembly
Native extension for WindowsStandalone target not found
Refreshing native plugins compatible for Editor in 0.35 ms, found 1 plugins.
Preloading 0 native plugins for Editor in 0.00 ms.
Mono: successfully reloaded assembly
- Completed reload, in  1.106 seconds
Platform modules already initialized, skipping
Refreshing native plugins compatible for Editor in 0.59 ms, found 1 plugins.
Preloading 0 native plugins for Editor in 0.00 ms.
Unloading 1808 Unused Serialized files (Serialized files now loaded: 0)
System memory in use before: 88.4 MB.
System memory in use after: 88.4 MB.

Unloading 12 unused Assets to reduce memory usage. Loaded Objects now: 2388.
Total: 2.332600 ms (FindLiveObjects: 0.290200 ms CreateObjectMapping: 0.141300 ms MarkObjects: 1.773100 ms  DeleteObjects: 0.126600 ms)

========================================================================
Received Import Request.
  Time since last request: 3443.266018 seconds.
  path: Assets/Prefabs/Box.prefab
  artifactKey: Guid(d96e6914c8a760547bd9082fdceda41f) Importer(815301076,1909f56bfc062723c751e8b465ee728b)
Start importing Assets/Prefabs/Box.prefab using Guid(d96e6914c8a760547bd9082fdceda41f) Importer(815301076,1909f56bfc062723c751e8b465ee728b)  -> (artifact id: '5d73abbf50c3f2a4400b4d43dd0b1bce') in 0.076249 seconds
  Import took 0.081093 seconds .

========================================================================
Received Prepare
Registering precompiled user dll's ...
Registered in 0.001954 seconds.
Begin MonoManager ReloadAssembly
Native extension for WindowsStandalone target not found
Refreshing native plugins compatible for Editor in 0.55 ms, found 1 plugins.
Preloading 0 native plugins for Editor in 0.00 ms.
Mono: successfully reloaded assembly
- Completed reload, in  1.212 seconds
Platform modules already initialized, skipping
Refreshing native plugins compatible for Editor in 0.37 ms, found 1 plugins.
Preloading 0 native plugins for Editor in 0.00 ms.
Unloading 1808 Unused Serialized files (Serialized files now loaded: 0)
System memory in use before: 88.4 MB.
System memory in use after: 88.4 MB.

Unloading 12 unused Assets to reduce memory usage. Loaded Objects now: 2393.
Total: 3.997400 ms (FindLiveObjects: 0.364600 ms CreateObjectMapping: 0.112800 ms MarkObjects: 3.334300 ms  DeleteObjects: 0.183300 ms)

========================================================================
Received Import Request.
  Time since last request: 67.330841 seconds.
  path: Assets/Prefabs/Wall.prefab
  artifactKey: Guid(470a6d80bca9a6b4e8999dde4386abe0) Importer(815301076,1909f56bfc062723c751e8b465ee728b)
Start importing Assets/Prefabs/Wall.prefab using Guid(470a6d80bca9a6b4e8999dde4386abe0) Importer(815301076,1909f56bfc062723c751e8b465ee728b)  -> (artifact id: '6815cd9fb49bd99ef87223a44097ef56') in 0.058972 seconds
  Import took 0.063440 seconds .

========================================================================
Received Import Request.
  Time since last request: 2.712439 seconds.
  path: Assets/Prefabs/Wall.prefab
  artifactKey: Guid(470a6d80bca9a6b4e8999dde4386abe0) Importer(815301076,1909f56bfc062723c751e8b465ee728b)
Start importing Assets/Prefabs/Wall.prefab using Guid(470a6d80bca9a6b4e8999dde4386abe0) Importer(815301076,1909f56bfc062723c751e8b465ee728b)  -> (artifact id: 'c91e853ca8a2620d3954c0c8dfda9082') in 0.011705 seconds
  Import took 0.017192 seconds .

========================================================================
Received Import Request.
  Time since last request: 0.992997 seconds.
  path: Assets/Prefabs/Wall.prefab
  artifactKey: Guid(470a6d80bca9a6b4e8999dde4386abe0) Importer(815301076,1909f56bfc062723c751e8b465ee728b)
Start importing Assets/Prefabs/Wall.prefab using Guid(470a6d80bca9a6b4e8999dde4386abe0) Importer(815301076,1909f56bfc062723c751e8b465ee728b)  -> (artifact id: '47c3ae182ecfcc81da15b1e148f58066') in 0.013371 seconds
  Import took 0.017819 seconds .

========================================================================
Received Import Request.
  Time since last request: 0.586910 seconds.
  path: Assets/Prefabs/Wall.prefab
  artifactKey: Guid(470a6d80bca9a6b4e8999dde4386abe0) Importer(815301076,1909f56bfc062723c751e8b465ee728b)
Start importing Assets/Prefabs/Wall.prefab using Guid(470a6d80bca9a6b4e8999dde4386abe0) Importer(815301076,1909f56bfc062723c751e8b465ee728b)  -> (artifact id: '06dd9e9e28882bc47fee6c1778e57452') in 0.012470 seconds
  Import took 0.017355 seconds .

========================================================================
Received Import Request.
  Time since last request: 0.003263 seconds.
  path: Assets/Prefabs/Wall.prefab
  artifactKey: Guid(470a6d80bca9a6b4e8999dde4386abe0) Importer(815301076,1909f56bfc062723c751e8b465ee728b)
Start importing Assets/Prefabs/Wall.prefab using Guid(470a6d80bca9a6b4e8999dde4386abe0) Importer(815301076,1909f56bfc062723c751e8b465ee728b)  -> (artifact id: '06dd9e9e28882bc47fee6c1778e57452') in 0.015555 seconds
  Import took 0.020813 seconds .

========================================================================
Received Import Request.
  Time since last request: 0.562289 seconds.
  path: Assets/Prefabs/Wall.prefab
  artifactKey: Guid(470a6d80bca9a6b4e8999dde4386abe0) Importer(815301076,1909f56bfc062723c751e8b465ee728b)
Start importing Assets/Prefabs/Wall.prefab using Guid(470a6d80bca9a6b4e8999dde4386abe0) Importer(815301076,1909f56bfc062723c751e8b465ee728b)  -> (artifact id: 'c65a1c1348b89ae778fb12d5cb4ba432') in 0.010950 seconds
  Import took 0.015148 seconds .

========================================================================
Received Import Request.
  Time since last request: 0.004215 seconds.
  path: Assets/Prefabs/Wall.prefab
  artifactKey: Guid(470a6d80bca9a6b4e8999dde4386abe0) Importer(815301076,1909f56bfc062723c751e8b465ee728b)
Start importing Assets/Prefabs/Wall.prefab using Guid(470a6d80bca9a6b4e8999dde4386abe0) Importer(815301076,1909f56bfc062723c751e8b465ee728b)  -> (artifact id: 'c65a1c1348b89ae778fb12d5cb4ba432') in 0.010541 seconds
  Import took 0.015125 seconds .

========================================================================
Received Import Request.
  Time since last request: 1.182270 seconds.
  path: Assets/Prefabs/Wall.prefab
  artifactKey: Guid(470a6d80bca9a6b4e8999dde4386abe0) Importer(815301076,1909f56bfc062723c751e8b465ee728b)
Start importing Assets/Prefabs/Wall.prefab using Guid(470a6d80bca9a6b4e8999dde4386abe0) Importer(815301076,1909f56bfc062723c751e8b465ee728b)  -> (artifact id: '4f7af9788a070ef0aaf6cfe4042b4c8a') in 0.011278 seconds
  Import took 0.016143 seconds .

========================================================================
Received Import Request.
  Time since last request: 0.790862 seconds.
  path: Assets/Prefabs/Wall.prefab
  artifactKey: Guid(470a6d80bca9a6b4e8999dde4386abe0) Importer(815301076,1909f56bfc062723c751e8b465ee728b)
Start importing Assets/Prefabs/Wall.prefab using Guid(470a6d80bca9a6b4e8999dde4386abe0) Importer(815301076,1909f56bfc062723c751e8b465ee728b)  -> (artifact id: 'b3c391e7062d862742447011d09f31d3') in 0.011261 seconds
  Import took 0.015774 seconds .

========================================================================
Received Import Request.
  Time since last request: 0.001124 seconds.
  path: Assets/Prefabs/Wall.prefab
  artifactKey: Guid(470a6d80bca9a6b4e8999dde4386abe0) Importer(815301076,1909f56bfc062723c751e8b465ee728b)
Start importing Assets/Prefabs/Wall.prefab using Guid(470a6d80bca9a6b4e8999dde4386abe0) Importer(815301076,1909f56bfc062723c751e8b465ee728b)  -> (artifact id: 'b3c391e7062d862742447011d09f31d3') in 0.010471 seconds
  Import took 0.014322 seconds .

========================================================================
Received Import Request.
  Time since last request: 9.450328 seconds.
  path: Assets/Prefabs/Wall.prefab
  artifactKey: Guid(470a6d80bca9a6b4e8999dde4386abe0) Importer(815301076,1909f56bfc062723c751e8b465ee728b)
Start importing Assets/Prefabs/Wall.prefab using Guid(470a6d80bca9a6b4e8999dde4386abe0) Importer(815301076,1909f56bfc062723c751e8b465ee728b)  -> (artifact id: '5e63e26e8280c83ed46f036b0725f342') in 0.010667 seconds
  Import took 0.014569 seconds .

========================================================================
Received Import Request.
  Time since last request: 0.001322 seconds.
  path: Assets/Prefabs/Wall.prefab
  artifactKey: Guid(470a6d80bca9a6b4e8999dde4386abe0) Importer(815301076,1909f56bfc062723c751e8b465ee728b)
Start importing Assets/Prefabs/Wall.prefab using Guid(470a6d80bca9a6b4e8999dde4386abe0) Importer(815301076,1909f56bfc062723c751e8b465ee728b)  -> (artifact id: '5e63e26e8280c83ed46f036b0725f342') in 0.010588 seconds
  Import took 0.014828 seconds .

========================================================================
Received Prepare
Registering precompiled user dll's ...
Registered in 0.001462 seconds.
Begin MonoManager ReloadAssembly
Native extension for WindowsStandalone target not found
Refreshing native plugins compatible for Editor in 0.35 ms, found 1 plugins.
Preloading 0 native plugins for Editor in 0.00 ms.
Mono: successfully reloaded assembly
- Completed reload, in  1.012 seconds
Platform modules already initialized, skipping
Refreshing native plugins compatible for Editor in 0.33 ms, found 1 plugins.
Preloading 0 native plugins for Editor in 0.00 ms.
Unloading 1808 Unused Serialized files (Serialized files now loaded: 0)
System memory in use before: 88.4 MB.
System memory in use after: 88.4 MB.

Unloading 12 unused Assets to reduce memory usage. Loaded Objects now: 2398.
Total: 2.179700 ms (FindLiveObjects: 0.254000 ms CreateObjectMapping: 0.068700 ms MarkObjects: 1.704200 ms  DeleteObjects: 0.151600 ms)

========================================================================
Received Prepare
Registering precompiled user dll's ...
Registered in 0.001595 seconds.
Begin MonoManager ReloadAssembly
Native extension for WindowsStandalone target not found
Refreshing native plugins compatible for Editor in 0.37 ms, found 1 plugins.
Preloading 0 native plugins for Editor in 0.00 ms.
Mono: successfully reloaded assembly
- Completed reload, in  1.083 seconds
Platform modules already initialized, skipping
Refreshing native plugins compatible for Editor in 0.35 ms, found 1 plugins.
Preloading 0 native plugins for Editor in 0.00 ms.
Unloading 1808 Unused Serialized files (Serialized files now loaded: 0)
System memory in use before: 88.4 MB.
System memory in use after: 88.4 MB.

Unloading 12 unused Assets to reduce memory usage. Loaded Objects now: 2402.
Total: 2.258700 ms (FindLiveObjects: 0.294800 ms CreateObjectMapping: 0.070500 ms MarkObjects: 1.763100 ms  DeleteObjects: 0.129500 ms)

========================================================================
Received Prepare
Registering precompiled user dll's ...
Registered in 0.001616 seconds.
Begin MonoManager ReloadAssembly
Native extension for WindowsStandalone target not found
Refreshing native plugins compatible for Editor in 0.98 ms, found 1 plugins.
Preloading 0 native plugins for Editor in 0.00 ms.
Mono: successfully reloaded assembly
- Completed reload, in  1.103 seconds
Platform modules already initialized, skipping
Refreshing native plugins compatible for Editor in 0.34 ms, found 1 plugins.
Preloading 0 native plugins for Editor in 0.00 ms.
Unloading 1808 Unused Serialized files (Serialized files now loaded: 0)
System memory in use before: 88.4 MB.
System memory in use after: 88.4 MB.

Unloading 12 unused Assets to reduce memory usage. Loaded Objects now: 2406.
Total: 2.651800 ms (FindLiveObjects: 0.305100 ms CreateObjectMapping: 0.122800 ms MarkObjects: 2.045000 ms  DeleteObjects: 0.177700 ms)

========================================================================
Received Prepare
Registering precompiled user dll's ...
Registered in 0.001637 seconds.
Begin MonoManager ReloadAssembly
Native extension for WindowsStandalone target not found
Refreshing native plugins compatible for Editor in 0.34 ms, found 1 plugins.
Preloading 0 native plugins for Editor in 0.00 ms.
Mono: successfully reloaded assembly
- Completed reload, in  0.987 seconds
Platform modules already initialized, skipping
Refreshing native plugins compatible for Editor in 0.35 ms, found 1 plugins.
Preloading 0 native plugins for Editor in 0.00 ms.
Unloading 1808 Unused Serialized files (Serialized files now loaded: 0)
System memory in use before: 88.5 MB.
System memory in use after: 88.4 MB.

Unloading 12 unused Assets to reduce memory usage. Loaded Objects now: 2410.
Total: 2.078400 ms (FindLiveObjects: 0.225400 ms CreateObjectMapping: 0.074700 ms MarkObjects: 1.662700 ms  DeleteObjects: 0.114600 ms)

========================================================================
Received Prepare
Registering precompiled user dll's ...
Registered in 0.001580 seconds.
Begin MonoManager ReloadAssembly
Native extension for WindowsStandalone target not found
Refreshing native plugins compatible for Editor in 0.45 ms, found 1 plugins.
Preloading 0 native plugins for Editor in 0.00 ms.
Mono: successfully reloaded assembly
- Completed reload, in  1.370 seconds
Platform modules already initialized, skipping
Refreshing native plugins compatible for Editor in 0.41 ms, found 1 plugins.
Preloading 0 native plugins for Editor in 0.00 ms.
Unloading 1808 Unused Serialized files (Serialized files now loaded: 0)
System memory in use before: 88.5 MB.
System memory in use after: 88.4 MB.

Unloading 12 unused Assets to reduce memory usage. Loaded Objects now: 2414.
Total: 3.310700 ms (FindLiveObjects: 0.411200 ms CreateObjectMapping: 0.198600 ms MarkObjects: 2.579400 ms  DeleteObjects: 0.119500 ms)

========================================================================
Received Import Request.
  Time since last request: 683.176340 seconds.
  path: Assets/LevelScene.unity
  artifactKey: Guid(5d7cdf1d4b329fb4e8dfbba0a859110c) Importer(815301076,1909f56bfc062723c751e8b465ee728b)
Start importing Assets/LevelScene.unity using Guid(5d7cdf1d4b329fb4e8dfbba0a859110c) Importer(815301076,1909f56bfc062723c751e8b465ee728b)  -> (artifact id: '2ee5dbd7197504efaaadea39f9f83612') in 0.015604 seconds
  Import took 0.021060 seconds .

========================================================================
Received Prepare
Registering precompiled user dll's ...
Registered in 0.003553 seconds.
Begin MonoManager ReloadAssembly
Native extension for WindowsStandalone target not found
Refreshing native plugins compatible for Editor in 0.37 ms, found 1 plugins.
Preloading 0 native plugins for Editor in 0.00 ms.
Mono: successfully reloaded assembly
- Completed reload, in  1.122 seconds
Platform modules already initialized, skipping
Refreshing native plugins compatible for Editor in 0.34 ms, found 1 plugins.
Preloading 0 native plugins for Editor in 0.00 ms.
Unloading 1808 Unused Serialized files (Serialized files now loaded: 0)
System memory in use before: 88.5 MB.
System memory in use after: 88.5 MB.

Unloading 12 unused Assets to reduce memory usage. Loaded Objects now: 2418.
Total: 2.174300 ms (FindLiveObjects: 0.271800 ms CreateObjectMapping: 0.064700 ms MarkObjects: 1.677400 ms  DeleteObjects: 0.159500 ms)

========================================================================
Received Prepare
Registering precompiled user dll's ...
Registered in 0.001630 seconds.
Begin MonoManager ReloadAssembly
Native extension for WindowsStandalone target not found
Refreshing native plugins compatible for Editor in 0.89 ms, found 1 plugins.
Preloading 0 native plugins for Editor in 0.00 ms.
Mono: successfully reloaded assembly
- Completed reload, in  1.138 seconds
Platform modules already initialized, skipping
Refreshing native plugins compatible for Editor in 0.35 ms, found 1 plugins.
Preloading 0 native plugins for Editor in 0.00 ms.
Unloading 1808 Unused Serialized files (Serialized files now loaded: 0)
System memory in use before: 88.5 MB.
System memory in use after: 88.5 MB.

Unloading 12 unused Assets to reduce memory usage. Loaded Objects now: 2422.
Total: 2.818200 ms (FindLiveObjects: 0.403800 ms CreateObjectMapping: 0.133100 ms MarkObjects: 2.073900 ms  DeleteObjects: 0.203500 ms)

========================================================================
Received Prepare
Registering precompiled user dll's ...
Registered in 0.003259 seconds.
Begin MonoManager ReloadAssembly
Native extension for WindowsStandalone target not found
Refreshing native plugins compatible for Editor in 0.44 ms, found 1 plugins.
Preloading 0 native plugins for Editor in 0.00 ms.
Mono: successfully reloaded assembly
- Completed reload, in  1.291 seconds
Platform modules already initialized, skipping
Refreshing native plugins compatible for Editor in 0.43 ms, found 1 plugins.
Preloading 0 native plugins for Editor in 0.00 ms.
Unloading 1808 Unused Serialized files (Serialized files now loaded: 0)
System memory in use before: 88.5 MB.
System memory in use after: 88.5 MB.

Unloading 12 unused Assets to reduce memory usage. Loaded Objects now: 2426.
Total: 3.181500 ms (FindLiveObjects: 0.661700 ms CreateObjectMapping: 0.096300 ms MarkObjects: 2.286400 ms  DeleteObjects: 0.127600 ms)

========================================================================
Received Prepare
Registering precompiled user dll's ...
Registered in 0.001467 seconds.
Begin MonoManager ReloadAssembly
Native extension for WindowsStandalone target not found
Refreshing native plugins compatible for Editor in 0.37 ms, found 1 plugins.
Preloading 0 native plugins for Editor in 0.00 ms.
Mono: successfully reloaded assembly
- Completed reload, in  1.037 seconds
Platform modules already initialized, skipping
Refreshing native plugins compatible for Editor in 0.41 ms, found 1 plugins.
Preloading 0 native plugins for Editor in 0.00 ms.
Unloading 1808 Unused Serialized files (Serialized files now loaded: 0)
System memory in use before: 88.5 MB.
System memory in use after: 88.5 MB.

Unloading 12 unused Assets to reduce memory usage. Loaded Objects now: 2430.
Total: 2.644100 ms (FindLiveObjects: 0.334700 ms CreateObjectMapping: 0.098700 ms MarkObjects: 2.068200 ms  DeleteObjects: 0.141500 ms)

========================================================================
Received Prepare
Registering precompiled user dll's ...
Registered in 0.001659 seconds.
Begin MonoManager ReloadAssembly
Native extension for WindowsStandalone target not found
Refreshing native plugins compatible for Editor in 0.42 ms, found 1 plugins.
Preloading 0 native plugins for Editor in 0.00 ms.
Mono: successfully reloaded assembly
- Completed reload, in  0.999 seconds
Platform modules already initialized, skipping
Refreshing native plugins compatible for Editor in 0.37 ms, found 1 plugins.
Preloading 0 native plugins for Editor in 0.00 ms.
Unloading 1808 Unused Serialized files (Serialized files now loaded: 0)
System memory in use before: 88.5 MB.
System memory in use after: 88.5 MB.

Unloading 12 unused Assets to reduce memory usage. Loaded Objects now: 2434.
Total: 2.412900 ms (FindLiveObjects: 0.256600 ms CreateObjectMapping: 0.079800 ms MarkObjects: 1.959100 ms  DeleteObjects: 0.116300 ms)

========================================================================
Received Prepare
Registering precompiled user dll's ...
Registered in 0.001569 seconds.
Begin MonoManager ReloadAssembly
Native extension for WindowsStandalone target not found
Refreshing native plugins compatible for Editor in 0.35 ms, found 1 plugins.
Preloading 0 native plugins for Editor in 0.00 ms.
Mono: successfully reloaded assembly
- Completed reload, in  0.949 seconds
Platform modules already initialized, skipping
Refreshing native plugins compatible for Editor in 0.46 ms, found 1 plugins.
Preloading 0 native plugins for Editor in 0.00 ms.
Unloading 1808 Unused Serialized files (Serialized files now loaded: 0)
System memory in use before: 88.5 MB.
System memory in use after: 88.5 MB.

Unloading 12 unused Assets to reduce memory usage. Loaded Objects now: 2438.
Total: 2.850100 ms (FindLiveObjects: 0.474500 ms CreateObjectMapping: 0.075000 ms MarkObjects: 2.166900 ms  DeleteObjects: 0.128400 ms)

========================================================================
Received Prepare
Registering precompiled user dll's ...
Registered in 0.001646 seconds.
Begin MonoManager ReloadAssembly
Native extension for WindowsStandalone target not found
Refreshing native plugins compatible for Editor in 0.36 ms, found 1 plugins.
Preloading 0 native plugins for Editor in 0.00 ms.
Mono: successfully reloaded assembly
- Completed reload, in  0.969 seconds
Platform modules already initialized, skipping
Refreshing native plugins compatible for Editor in 0.34 ms, found 1 plugins.
Preloading 0 native plugins for Editor in 0.00 ms.
Unloading 1808 Unused Serialized files (Serialized files now loaded: 0)
System memory in use before: 88.5 MB.
System memory in use after: 88.5 MB.

Unloading 12 unused Assets to reduce memory usage. Loaded Objects now: 2442.
Total: 2.525800 ms (FindLiveObjects: 0.261800 ms CreateObjectMapping: 0.155100 ms MarkObjects: 1.974700 ms  DeleteObjects: 0.132700 ms)

========================================================================
Received Prepare
Registering precompiled user dll's ...
Registered in 0.001586 seconds.
Begin MonoManager ReloadAssembly
Native extension for WindowsStandalone target not found
Refreshing native plugins compatible for Editor in 0.34 ms, found 1 plugins.
Preloading 0 native plugins for Editor in 0.00 ms.
Mono: successfully reloaded assembly
- Completed reload, in  0.983 seconds
Platform modules already initialized, skipping
Refreshing native plugins compatible for Editor in 0.31 ms, found 1 plugins.
Preloading 0 native plugins for Editor in 0.00 ms.
Unloading 1808 Unused Serialized files (Serialized files now loaded: 0)
System memory in use before: 88.5 MB.
System memory in use after: 88.5 MB.

Unloading 12 unused Assets to reduce memory usage. Loaded Objects now: 2446.
Total: 2.550200 ms (FindLiveObjects: 0.435000 ms CreateObjectMapping: 0.124300 ms MarkObjects: 1.870400 ms  DeleteObjects: 0.119300 ms)

========================================================================
Received Prepare
Registering precompiled user dll's ...
Registered in 0.001820 seconds.
Begin MonoManager ReloadAssembly
Native extension for WindowsStandalone target not found
Refreshing native plugins compatible for Editor in 0.34 ms, found 1 plugins.
Preloading 0 native plugins for Editor in 0.00 ms.
Mono: successfully reloaded assembly
- Completed reload, in  0.997 seconds
Platform modules already initialized, skipping
Refreshing native plugins compatible for Editor in 0.35 ms, found 1 plugins.
Preloading 0 native plugins for Editor in 0.00 ms.
Unloading 1808 Unused Serialized files (Serialized files now loaded: 0)
System memory in use before: 88.6 MB.
System memory in use after: 88.5 MB.

Unloading 12 unused Assets to reduce memory usage. Loaded Objects now: 2450.
Total: 2.666600 ms (FindLiveObjects: 0.337900 ms CreateObjectMapping: 0.093500 ms MarkObjects: 2.076400 ms  DeleteObjects: 0.157500 ms)

========================================================================
Received Prepare
Registering precompiled user dll's ...
Registered in 0.001560 seconds.
Begin MonoManager ReloadAssembly
Native extension for WindowsStandalone target not found
Refreshing native plugins compatible for Editor in 0.41 ms, found 1 plugins.
Preloading 0 native plugins for Editor in 0.00 ms.
Mono: successfully reloaded assembly
- Completed reload, in  0.996 seconds
Platform modules already initialized, skipping
Refreshing native plugins compatible for Editor in 0.34 ms, found 1 plugins.
Preloading 0 native plugins for Editor in 0.00 ms.
Unloading 1808 Unused Serialized files (Serialized files now loaded: 0)
System memory in use before: 88.6 MB.
System memory in use after: 88.5 MB.

Unloading 12 unused Assets to reduce memory usage. Loaded Objects now: 2454.
Total: 2.357500 ms (FindLiveObjects: 0.203600 ms CreateObjectMapping: 0.071100 ms MarkObjects: 1.925800 ms  DeleteObjects: 0.155900 ms)

========================================================================
Received Prepare
Registering precompiled user dll's ...
Registered in 0.001502 seconds.
Begin MonoManager ReloadAssembly
Native extension for WindowsStandalone target not found
Refreshing native plugins compatible for Editor in 0.43 ms, found 1 plugins.
Preloading 0 native plugins for Editor in 0.00 ms.
Mono: successfully reloaded assembly
- Completed reload, in  0.968 seconds
Platform modules already initialized, skipping
Refreshing native plugins compatible for Editor in 0.33 ms, found 1 plugins.
Preloading 0 native plugins for Editor in 0.00 ms.
Unloading 1808 Unused Serialized files (Serialized files now loaded: 0)
System memory in use before: 88.6 MB.
System memory in use after: 88.5 MB.

Unloading 12 unused Assets to reduce memory usage. Loaded Objects now: 2458.
Total: 2.745800 ms (FindLiveObjects: 0.408500 ms CreateObjectMapping: 0.096700 ms MarkObjects: 2.087000 ms  DeleteObjects: 0.151800 ms)

========================================================================
Received Prepare
Registering precompiled user dll's ...
Registered in 0.001776 seconds.
Begin MonoManager ReloadAssembly
Native extension for WindowsStandalone target not found
Refreshing native plugins compatible for Editor in 0.35 ms, found 1 plugins.
Preloading 0 native plugins for Editor in 0.00 ms.
Mono: successfully reloaded assembly
- Completed reload, in  0.966 seconds
Platform modules already initialized, skipping
Refreshing native plugins compatible for Editor in 0.35 ms, found 1 plugins.
Preloading 0 native plugins for Editor in 0.00 ms.
Unloading 1808 Unused Serialized files (Serialized files now loaded: 0)
System memory in use before: 88.6 MB.
System memory in use after: 88.6 MB.

Unloading 12 unused Assets to reduce memory usage. Loaded Objects now: 2462.
Total: 2.811200 ms (FindLiveObjects: 0.458800 ms CreateObjectMapping: 0.116200 ms MarkObjects: 2.079300 ms  DeleteObjects: 0.155500 ms)

========================================================================
Received Prepare
Registering precompiled user dll's ...
Registered in 0.001471 seconds.
Begin MonoManager ReloadAssembly
Native extension for WindowsStandalone target not found
Refreshing native plugins compatible for Editor in 0.37 ms, found 1 plugins.
Preloading 0 native plugins for Editor in 0.00 ms.
Mono: successfully reloaded assembly
- Completed reload, in  0.994 seconds
Platform modules already initialized, skipping
Refreshing native plugins compatible for Editor in 0.52 ms, found 1 plugins.
Preloading 0 native plugins for Editor in 0.00 ms.
Unloading 1808 Unused Serialized files (Serialized files now loaded: 0)
System memory in use before: 88.6 MB.
System memory in use after: 88.6 MB.

Unloading 12 unused Assets to reduce memory usage. Loaded Objects now: 2466.
Total: 2.392200 ms (FindLiveObjects: 0.407400 ms CreateObjectMapping: 0.093500 ms MarkObjects: 1.773100 ms  DeleteObjects: 0.117100 ms)

========================================================================
Received Import Request.
  Time since last request: 1943.010365 seconds.
  path: Assets/Script/GameManager.cs
  artifactKey: Guid(5a555ee2bc4bb3642b06aa0a5b17286d) Importer(815301076,1909f56bfc062723c751e8b465ee728b)
Start importing Assets/Script/GameManager.cs using Guid(5a555ee2bc4bb3642b06aa0a5b17286d) Importer(815301076,1909f56bfc062723c751e8b465ee728b)  -> (artifact id: 'd9d2966142d3802c8b22a524b652f3b8') in 0.007241 seconds
  Import took 0.011220 seconds .

========================================================================
Received Prepare
Registering precompiled user dll's ...
Registered in 0.003910 seconds.
Begin MonoManager ReloadAssembly
Native extension for WindowsStandalone target not found
Refreshing native plugins compatible for Editor in 0.35 ms, found 1 plugins.
Preloading 0 native plugins for Editor in 0.00 ms.
Mono: successfully reloaded assembly
- Completed reload, in  1.395 seconds
Platform modules already initialized, skipping
Refreshing native plugins compatible for Editor in 0.77 ms, found 1 plugins.
Preloading 0 native plugins for Editor in 0.00 ms.
Unloading 1808 Unused Serialized files (Serialized files now loaded: 0)
System memory in use before: 88.6 MB.
System memory in use after: 88.6 MB.

Unloading 12 unused Assets to reduce memory usage. Loaded Objects now: 2470.
Total: 5.960300 ms (FindLiveObjects: 0.892600 ms CreateObjectMapping: 0.302000 ms MarkObjects: 4.589100 ms  DeleteObjects: 0.174400 ms)

========================================================================
Received Import Request.
  Time since last request: 1090.288897 seconds.
  path: Assets/Script/GameManager.cs
  artifactKey: Guid(5a555ee2bc4bb3642b06aa0a5b17286d) Importer(815301076,1909f56bfc062723c751e8b465ee728b)
Start importing Assets/Script/GameManager.cs using Guid(5a555ee2bc4bb3642b06aa0a5b17286d) Importer(815301076,1909f56bfc062723c751e8b465ee728b)  -> (artifact id: '94595a1e5dd403925e43bd68195ee734') in 0.010857 seconds
  Import took 0.016800 seconds .

========================================================================
Received Import Request.
  Time since last request: 0.059605 seconds.
  path: Assets/Script/GameManager.cs
  artifactKey: Guid(5a555ee2bc4bb3642b06aa0a5b17286d) Importer(815301076,1909f56bfc062723c751e8b465ee728b)
Start importing Assets/Script/GameManager.cs using Guid(5a555ee2bc4bb3642b06aa0a5b17286d) Importer(815301076,1909f56bfc062723c751e8b465ee728b)  -> (artifact id: '94595a1e5dd403925e43bd68195ee734') in 0.003910 seconds
  Import took 0.010697 seconds .

========================================================================
Received Prepare
Registering precompiled user dll's ...
Registered in 0.001714 seconds.
Begin MonoManager ReloadAssembly
Native extension for WindowsStandalone target not found
Refreshing native plugins compatible for Editor in 0.58 ms, found 1 plugins.
Preloading 0 native plugins for Editor in 0.00 ms.
Mono: successfully reloaded assembly
- Completed reload, in  1.327 seconds
Platform modules already initialized, skipping
Refreshing native plugins compatible for Editor in 0.53 ms, found 1 plugins.
Preloading 0 native plugins for Editor in 0.00 ms.
Unloading 1808 Unused Serialized files (Serialized files now loaded: 0)
System memory in use before: 88.6 MB.
System memory in use after: 88.6 MB.

Unloading 12 unused Assets to reduce memory usage. Loaded Objects now: 2474.
Total: 4.966100 ms (FindLiveObjects: 0.770900 ms CreateObjectMapping: 0.246100 ms MarkObjects: 3.744300 ms  DeleteObjects: 0.201000 ms)

========================================================================
Received Prepare
Registering precompiled user dll's ...
Registered in 0.003676 seconds.
Begin MonoManager ReloadAssembly
Native extension for WindowsStandalone target not found
Refreshing native plugins compatible for Editor in 0.42 ms, found 1 plugins.
Preloading 0 native plugins for Editor in 0.00 ms.
Mono: successfully reloaded assembly
- Completed reload, in  1.407 seconds
Platform modules already initialized, skipping
Refreshing native plugins compatible for Editor in 0.42 ms, found 1 plugins.
Preloading 0 native plugins for Editor in 0.00 ms.
Unloading 1808 Unused Serialized files (Serialized files now loaded: 0)
System memory in use before: 88.6 MB.
System memory in use after: 88.6 MB.

Unloading 12 unused Assets to reduce memory usage. Loaded Objects now: 2478.
Total: 4.958200 ms (FindLiveObjects: 0.385400 ms CreateObjectMapping: 0.186300 ms MarkObjects: 4.122100 ms  DeleteObjects: 0.261800 ms)

========================================================================
Received Prepare
Registering precompiled user dll's ...
Registered in 0.001928 seconds.
Begin MonoManager ReloadAssembly
Native extension for WindowsStandalone target not found
Refreshing native plugins compatible for Editor in 3.43 ms, found 1 plugins.
Preloading 0 native plugins for Editor in 0.00 ms.
Mono: successfully reloaded assembly
- Completed reload, in  2.049 seconds
Platform modules already initialized, skipping
Refreshing native plugins compatible for Editor in 0.91 ms, found 1 plugins.
Preloading 0 native plugins for Editor in 0.00 ms.
Unloading 1808 Unused Serialized files (Serialized files now loaded: 0)
System memory in use before: 88.6 MB.
System memory in use after: 88.6 MB.

Unloading 12 unused Assets to reduce memory usage. Loaded Objects now: 2482.
Total: 3.986400 ms (FindLiveObjects: 1.692600 ms CreateObjectMapping: 0.137500 ms MarkObjects: 2.016000 ms  DeleteObjects: 0.138600 ms)

========================================================================
Received Prepare
Registering precompiled user dll's ...
Registered in 0.001633 seconds.
Begin MonoManager ReloadAssembly
Native extension for WindowsStandalone target not found
Refreshing native plugins compatible for Editor in 0.54 ms, found 1 plugins.
Preloading 0 native plugins for Editor in 0.00 ms.
Mono: successfully reloaded assembly
- Completed reload, in  2.329 seconds
Platform modules already initialized, skipping
Refreshing native plugins compatible for Editor in 0.47 ms, found 1 plugins.
Preloading 0 native plugins for Editor in 0.00 ms.
Unloading 1808 Unused Serialized files (Serialized files now loaded: 0)
System memory in use before: 88.6 MB.
System memory in use after: 88.6 MB.

Unloading 12 unused Assets to reduce memory usage. Loaded Objects now: 2486.
Total: 4.076600 ms (FindLiveObjects: 0.539000 ms CreateObjectMapping: 0.112200 ms MarkObjects: 3.230700 ms  DeleteObjects: 0.192500 ms)

AssetImportWorkerClient::OnTransportError - code=2 error=End of file
